This file contains any messages produced by compilers while
running configure, to aid debugging if configure makes a mistake.

It was created by eaxsniff configure 0.1, which was
generated by GNU Autoconf 2.69.  Invocation command line was

  $ ./configure 

## --------- ##
## Platform. ##
## --------- ##

hostname = ss2
uname -m = x86_64
uname -r = 4.13.0-37-generic
uname -s = Linux
uname -v = #42~16.04.1-Ubuntu SMP Wed Mar 7 16:03:28 UTC 2018

/usr/bin/uname -p = unknown
/bin/uname -X     = unknown

/bin/arch              = unknown
/usr/bin/arch -k       = unknown
/usr/convex/getsysinfo = unknown
/usr/bin/hostinfo      = unknown
/bin/machine           = unknown
/usr/bin/oslevel       = unknown
/bin/universe          = unknown

PATH: /home/shura/bin
PATH: /home/shura/.local/bin
PATH: /home/shura/.rvm/gems/ruby-2.4.1/bin
PATH: /home/shura/.rvm/gems/ruby-2.4.1@global/bin
PATH: /usr/share/rvm/rubies/ruby-2.4.1/bin
PATH: /home/shura/bin
PATH: /home/shura/.local/bin
PATH: /usr/local/sbin
PATH: /usr/local/bin
PATH: /usr/sbin
PATH: /usr/bin
PATH: /sbin
PATH: /bin
PATH: /usr/games
PATH: /usr/local/games
PATH: /snap/bin
PATH: /usr/share/rvm/bin


## ----------- ##
## Core tests. ##
## ----------- ##

configure:2140: checking for gcc
configure:2156: found /usr/bin/gcc
configure:2167: result: gcc
configure:2396: checking for C compiler version
configure:2405: gcc --version >&5
gcc (Ubuntu 5.4.0-6ubuntu1~16.04.9) 5.4.0 20160609
Copyright (C) 2015 Free Software Foundation, Inc.
This is free software; see the source for copying conditions.  There is NO
warranty; not even for MERCHANTABILITY or FITNESS FOR A PARTICULAR PURPOSE.

configure:2416: $? = 0
configure:2405: gcc -v >&5
Using built-in specs.
COLLECT_GCC=gcc
COLLECT_LTO_WRAPPER=/usr/lib/gcc/x86_64-linux-gnu/5/lto-wrapper
Target: x86_64-linux-gnu
Configured with: ../src/configure -v --with-pkgversion='Ubuntu 5.4.0-6ubuntu1~16.04.9' --with-bugurl=file:///usr/share/doc/gcc-5/README.Bugs --enable-languages=c,ada,c++,java,go,d,fortran,objc,obj-c++ --prefix=/usr --program-suffix=-5 --enable-shared --enable-linker-build-id --libexecdir=/usr/lib --without-included-gettext --enable-threads=posix --libdir=/usr/lib --enable-nls --with-sysroot=/ --enable-clocale=gnu --enable-libstdcxx-debug --enable-libstdcxx-time=yes --with-default-libstdcxx-abi=new --enable-gnu-unique-object --disable-vtable-verify --enable-libmpx --enable-plugin --with-system-zlib --disable-browser-plugin --enable-java-awt=gtk --enable-gtk-cairo --with-java-home=/usr/lib/jvm/java-1.5.0-gcj-5-amd64/jre --enable-java-home --with-jvm-root-dir=/usr/lib/jvm/java-1.5.0-gcj-5-amd64 --with-jvm-jar-dir=/usr/lib/jvm-exports/java-1.5.0-gcj-5-amd64 --with-arch-directory=amd64 --with-ecj-jar=/usr/share/java/eclipse-ecj.jar --enable-objc-gc --enable-multiarch --disable-werror --with-arch-32=i686 --with-abi=m64 --with-multilib-list=m32,m64,mx32 --enable-multilib --with-tune=generic --enable-checking=release --build=x86_64-linux-gnu --host=x86_64-linux-gnu --target=x86_64-linux-gnu
Thread model: posix
gcc version 5.4.0 20160609 (Ubuntu 5.4.0-6ubuntu1~16.04.9) 
configure:2416: $? = 0
configure:2405: gcc -V >&5
gcc: error: unrecognized command line option '-V'
gcc: fatal error: no input files
compilation terminated.
configure:2416: $? = 1
configure:2405: gcc -qversion >&5
gcc: error: unrecognized command line option '-qversion'
gcc: fatal error: no input files
compilation terminated.
configure:2416: $? = 1
configure:2436: checking whether the C compiler works
configure:2458: gcc    conftest.c  >&5
configure:2462: $? = 0
configure:2510: result: yes
configure:2513: checking for C compiler default output file name
configure:2515: result: a.out
configure:2521: checking for suffix of executables
configure:2528: gcc -o conftest    conftest.c  >&5
configure:2532: $? = 0
configure:2554: result: 
configure:2576: checking whether we are cross compiling
configure:2584: gcc -o conftest    conftest.c  >&5
configure:2588: $? = 0
configure:2595: ./conftest
configure:2599: $? = 0
configure:2614: result: no
configure:2619: checking for suffix of object files
configure:2641: gcc -c   conftest.c >&5
configure:2645: $? = 0
configure:2666: result: o
configure:2670: checking whether we are using the GNU C compiler
configure:2689: gcc -c   conftest.c >&5
configure:2689: $? = 0
configure:2698: result: yes
configure:2707: checking whether gcc accepts -g
configure:2727: gcc -c -g  conftest.c >&5
configure:2727: $? = 0
configure:2768: result: yes
configure:2785: checking for gcc option to accept ISO C89
configure:2848: gcc  -c -g -O2  conftest.c >&5
configure:2848: $? = 0
configure:2861: result: none needed
configure:2918: checking whether gcc understands -c and -o together
configure:2940: gcc -c conftest.c -o conftest2.o
configure:2943: $? = 0
configure:2940: gcc -c conftest.c -o conftest2.o
configure:2943: $? = 0
configure:2955: result: yes
configure:2988: checking for a BSD-compatible install
configure:3056: result: /usr/bin/install -c
configure:3067: checking whether build environment is sane
configure:3122: result: yes
configure:3270: checking for a thread-safe mkdir -p
configure:3309: result: /bin/mkdir -p
configure:3316: checking for gawk
configure:3332: found /usr/bin/gawk
configure:3343: result: gawk
configure:3354: checking whether make sets $(MAKE)
configure:3376: result: yes
configure:3406: checking for style of include used by make
configure:3434: result: GNU
configure:3468: checking whether make supports nested variables
configure:3485: result: yes
configure:3570: checking dependency style of gcc
configure:3681: result: gcc3
configure:3743: checking for pcap_lib_version in -lpcap
configure:3768: gcc -o conftest -g -O2   conftest.c -lpcap   >&5
configure:3768: $? = 0
configure:3777: result: yes
configure:3800: checking how to run the C preprocessor
configure:3831: gcc -E  conftest.c
configure:3831: $? = 0
configure:3845: gcc -E  conftest.c
conftest.c:12:28: fatal error: ac_nonexistent.h: No such file or directory
compilation terminated.
configure:3845: $? = 1
configure: failed program was:
| /* confdefs.h */
| #define PACKAGE_NAME "eaxsniff"
| #define PACKAGE_TARNAME "eaxsniff"
| #define PACKAGE_VERSION "0.1"
| #define PACKAGE_STRING "eaxsniff 0.1"
| #define PACKAGE_BUGREPORT "/dev/null"
| #define PACKAGE_URL ""
| #define PACKAGE "eaxsniff"
| #define VERSION "0.1"
| #define HAVE_LIBPCAP 1
| /* end confdefs.h.  */
| #include <ac_nonexistent.h>
configure:3870: result: gcc -E
configure:3890: gcc -E  conftest.c
configure:3890: $? = 0
configure:3904: gcc -E  conftest.c
conftest.c:12:28: fatal error: ac_nonexistent.h: No such file or directory
compilation terminated.
configure:3904: $? = 1
configure: failed program was:
| /* confdefs.h */
| #define PACKAGE_NAME "eaxsniff"
| #define PACKAGE_TARNAME "eaxsniff"
| #define PACKAGE_VERSION "0.1"
| #define PACKAGE_STRING "eaxsniff 0.1"
| #define PACKAGE_BUGREPORT "/dev/null"
| #define PACKAGE_URL ""
| #define PACKAGE "eaxsniff"
| #define VERSION "0.1"
| #define HAVE_LIBPCAP 1
| /* end confdefs.h.  */
| #include <ac_nonexistent.h>
configure:3933: checking for grep that handles long lines and -e
configure:3991: result: /bin/grep
configure:3996: checking for egrep
configure:4058: result: /bin/grep -E
configure:4063: checking for ANSI C header files
configure:4083: gcc -c -g -O2  conftest.c >&5
configure:4083: $? = 0
configure:4156: gcc -o conftest -g -O2   conftest.c -lpcap  >&5
configure:4156: $? = 0
configure:4156: ./conftest
configure:4156: $? = 0
configure:4167: result: yes
configure:4180: checking for sys/types.h
configure:4180: gcc -c -g -O2  conftest.c >&5
configure:4180: $? = 0
configure:4180: result: yes
configure:4180: checking for sys/stat.h
configure:4180: gcc -c -g -O2  conftest.c >&5
configure:4180: $? = 0
configure:4180: result: yes
configure:4180: checking for stdlib.h
configure:4180: gcc -c -g -O2  conftest.c >&5
configure:4180: $? = 0
configure:4180: result: yes
configure:4180: checking for string.h
configure:4180: gcc -c -g -O2  conftest.c >&5
configure:4180: $? = 0
configure:4180: result: yes
configure:4180: checking for memory.h
configure:4180: gcc -c -g -O2  conftest.c >&5
configure:4180: $? = 0
configure:4180: result: yes
configure:4180: checking for strings.h
configure:4180: gcc -c -g -O2  conftest.c >&5
configure:4180: $? = 0
configure:4180: result: yes
configure:4180: checking for inttypes.h
configure:4180: gcc -c -g -O2  conftest.c >&5
configure:4180: $? = 0
configure:4180: result: yes
configure:4180: checking for stdint.h
configure:4180: gcc -c -g -O2  conftest.c >&5
configure:4180: $? = 0
configure:4180: result: yes
configure:4180: checking for unistd.h
configure:4180: gcc -c -g -O2  conftest.c >&5
configure:4180: $? = 0
configure:4180: result: yes
configure:4192: checking pcap/pcap.h usability
configure:4192: gcc -c -g -O2  conftest.c >&5
configure:4192: $? = 0
configure:4192: result: yes
configure:4192: checking pcap/pcap.h presence
configure:4192: gcc -E  conftest.c
configure:4192: $? = 0
configure:4192: result: yes
configure:4192: checking for pcap/pcap.h
configure:4192: result: yes
configure:4318: checking that generated files are newer than configure
configure:4324: result: done
configure:4347: creating ./config.status

## ---------------------- ##
## Running config.status. ##
## ---------------------- ##

This file was extended by eaxsniff config.status 0.1, which was
generated by GNU Autoconf 2.69.  Invocation command line was

  CONFIG_FILES    = 
  CONFIG_HEADERS  = 
  CONFIG_LINKS    = 
  CONFIG_COMMANDS = 
  $ ./config.status 

on ss2

config.status:854: creating Makefile
config.status:854: creating config.h
config.status:1083: executing depfiles commands

## ---------------- ##
## Cache variables. ##
## ---------------- ##

ac_cv_c_compiler_gnu=yes
ac_cv_env_CC_set=
ac_cv_env_CC_value=
ac_cv_env_CFLAGS_set=
ac_cv_env_CFLAGS_value=
ac_cv_env_CPPFLAGS_set=
ac_cv_env_CPPFLAGS_value=
ac_cv_env_CPP_set=
ac_cv_env_CPP_value=
ac_cv_env_LDFLAGS_set=
ac_cv_env_LDFLAGS_value=
ac_cv_env_LIBS_set=
ac_cv_env_LIBS_value=
ac_cv_env_build_alias_set=
ac_cv_env_build_alias_value=
ac_cv_env_host_alias_set=
ac_cv_env_host_alias_value=
ac_cv_env_target_alias_set=
ac_cv_env_target_alias_value=
ac_cv_header_inttypes_h=yes
ac_cv_header_memory_h=yes
ac_cv_header_pcap_pcap_h=yes
ac_cv_header_stdc=yes
ac_cv_header_stdint_h=yes
ac_cv_header_stdlib_h=yes
ac_cv_header_string_h=yes
ac_cv_header_strings_h=yes
ac_cv_header_sys_stat_h=yes
ac_cv_header_sys_types_h=yes
ac_cv_header_unistd_h=yes
ac_cv_lib_pcap_pcap_lib_version=yes
ac_cv_objext=o
ac_cv_path_EGREP='/bin/grep -E'
ac_cv_path_GREP=/bin/grep
ac_cv_path_install='/usr/bin/install -c'
ac_cv_path_mkdir=/bin/mkdir
ac_cv_prog_AWK=gawk
ac_cv_prog_CPP='gcc -E'
ac_cv_prog_ac_ct_CC=gcc
ac_cv_prog_cc_c89=
ac_cv_prog_cc_g=yes
ac_cv_prog_make_make_set=yes
am_cv_CC_dependencies_compiler_type=gcc3
am_cv_make_support_nested_variables=yes
am_cv_prog_cc_c_o=yes

## ----------------- ##
## Output variables. ##
## ----------------- ##

ACLOCAL='${SHELL} /home/shura/Projects/C/c-libpcap-example/missing aclocal-1.15'
AMDEPBACKSLASH='\'
AMDEP_FALSE='#'
AMDEP_TRUE=''
AMTAR='$${TAR-tar}'
AM_BACKSLASH='\'
AM_DEFAULT_V='$(AM_DEFAULT_VERBOSITY)'
AM_DEFAULT_VERBOSITY='1'
AM_V='$(V)'
AUTOCONF='${SHELL} /home/shura/Projects/C/c-libpcap-example/missing autoconf'
AUTOHEADER='${SHELL} /home/shura/Projects/C/c-libpcap-example/missing autoheader'
AUTOMAKE='${SHELL} /home/shura/Projects/C/c-libpcap-example/missing automake-1.15'
AWK='gawk'
CC='gcc'
CCDEPMODE='depmode=gcc3'
CFLAGS='-g -O2'
CPP='gcc -E'
CPPFLAGS=''
CYGPATH_W='echo'
DEFS='-DHAVE_CONFIG_H'
DEPDIR='.deps'
ECHO_C=''
ECHO_N='-n'
ECHO_T=''
EGREP='/bin/grep -E'
EXEEXT=''
GREP='/bin/grep'
INSTALL_DATA='${INSTALL} -m 644'
INSTALL_PROGRAM='${INSTALL}'
INSTALL_SCRIPT='${INSTALL}'
INSTALL_STRIP_PROGRAM='$(install_sh) -c -s'
LDFLAGS=''
LIBOBJS=''
LIBS='-lpcap '
LTLIBOBJS=''
MAKEINFO='${SHELL} /home/shura/Projects/C/c-libpcap-example/missing makeinfo'
MKDIR_P='/bin/mkdir -p'
OBJEXT='o'
PACKAGE='eaxsniff'
PACKAGE_BUGREPORT='/dev/null'
PACKAGE_NAME='eaxsniff'
PACKAGE_STRING='eaxsniff 0.1'
PACKAGE_TARNAME='eaxsniff'
PACKAGE_URL=''
PACKAGE_VERSION='0.1'
PATH_SEPARATOR=':'
SET_MAKE=''
SHELL='/bin/bash'
STRIP=''
VERSION='0.1'
ac_ct_CC='gcc'
am__EXEEXT_FALSE=''
am__EXEEXT_TRUE='#'
am__fastdepCC_FALSE='#'
am__fastdepCC_TRUE=''
am__include='include'
am__isrc=''
am__leading_dot='.'
am__nodep='_no'
am__quote=''
am__tar='$${TAR-tar} chof - "$$tardir"'
am__untar='$${TAR-tar} xf -'
bindir='${exec_prefix}/bin'
build_alias=''
datadir='${datarootdir}'
datarootdir='${prefix}/share'
docdir='${datarootdir}/doc/${PACKAGE_TARNAME}'
dvidir='${docdir}'
exec_prefix='${prefix}'
host_alias=''
htmldir='${docdir}'
includedir='${prefix}/include'
infodir='${datarootdir}/info'
install_sh='${SHELL} /home/shura/Projects/C/c-libpcap-example/install-sh'
libdir='${exec_prefix}/lib'
libexecdir='${exec_prefix}/libexec'
localedir='${datarootdir}/locale'
localstatedir='${prefix}/var'
mandir='${datarootdir}/man'
mkdir_p='$(MKDIR_P)'
oldincludedir='/usr/include'
pdfdir='${docdir}'
prefix='/usr/local'
program_transform_name='s,x,x,'
psdir='${docdir}'
runstatedir='${localstatedir}/run'
sbindir='${exec_prefix}/sbin'
sharedstatedir='${prefix}/com'
sysconfdir='${prefix}/etc'
target_alias=''

## ----------- ##
## confdefs.h. ##
## ----------- ##

/* confdefs.h */
#define PACKAGE_NAME "eaxsniff"
#define PACKAGE_TARNAME "eaxsniff"
#define PACKAGE_VERSION "0.1"
#define PACKAGE_STRING "eaxsniff 0.1"
#define PACKAGE_BUGREPORT "/dev/null"
#define PACKAGE_URL ""
#define PACKAGE "eaxsniff"
#define VERSION "0.1"
#define HAVE_LIBPCAP 1
#define STDC_HEADERS 1
#define HAVE_SYS_TYPES_H 1
#define HAVE_SYS_STAT_H 1
#define HAVE_STDLIB_H 1
#define HAVE_STRING_H 1
#define HAVE_MEMORY_H 1
#define HAVE_STRINGS_H 1
#define HAVE_INTTYPES_H 1
#define HAVE_STDINT_H 1
#define HAVE_UNISTD_H 1

configure: exit 0
